#
# A fatal error has been detected by the Java Runtime Environment:
#
#  EXCEPTION_ACCESS_VIOLATION (0xc0000005) at pc=0x00007ffd9e415a96, pid=18568, tid=16780
#
# JRE version: Java(TM) SE Runtime Environment (13.0.2+8) (build 13.0.2+8)
# Java VM: Java HotSpot(TM) 64-Bit Server VM (13.0.2+8, mixed mode, sharing, tiered, compressed oops, g1 gc, windows-amd64)
# Problematic frame:
# V  [jvm.dll+0x4f5a96]
#
# No core dump will be written. Minidumps are not enabled by default on client versions of Windows
#
# If you would like to submit a bug report, please visit:
#   http://bugreport.java.com/bugreport/crash.jsp
#

---------------  S U M M A R Y ------------

Command Line: -agentlib:jdwp=transport=dt_socket,address=127.0.0.1:52965,suspend=y,server=n -ea -Didea.test.cyclic.buffer.size=1048576 -javaagent:C:\Users\User\.IntelliJIdea2019.3\system\captureAgent\debugger-agent.jar -Dfile.encoding=UTF-8 com.intellij.rt.junit.JUnitStarter -ideVersion5 -junit4 implementations.TreeTest,testTreesWithGivenSum

Host: Intel(R) Core(TM) i5-3320M CPU @ 2.60GHz, 4 cores, 7G,  Windows 10 , 64 bit Build 17134 (10.0.17134.1)
Time: Fri Mar 20 23:28:55 2020 Oeieaiaey - noaiaa?oii a?aia elapsed time: 1380 seconds (0d 0h 23m 0s)

---------------  T H R E A D  ---------------

Current thread (0x000001f1de2d0000):  JavaThread "JDWP Transport Listener: dt_socket" daemon [_thread_in_vm, id=16780, stack(0x000000547f600000,0x000000547f700000)] _threads_hazard_ptr=0x000001f1de318b20

Stack: [0x000000547f600000,0x000000547f700000],  sp=0x000000547f6ff020,  free space=1020k
Native frames: (J=compiled Java code, j=interpreted, Vv=VM code, C=native code)
V  [jvm.dll+0x4f5a96]
V  [jvm.dll+0x7776dd]
V  [jvm.dll+0x4dc38b]
V  [jvm.dll+0x4a1130]
C  [jdwp.dll+0x7e65]


siginfo: EXCEPTION_ACCESS_VIOLATION (0xc0000005), reading address 0x000001f1ddc456b0


Register to memory mapping:

RIP=0x00007ffd9e415a96 jvm.dll
RAX=0x000001f1ddbe2500 is pointing into metadata
RBX=0x0000000000000011 is an unknown value
RCX=0x000001f1ddbe0040 is pointing into metadata
RDX=0x000000000000cac6 is an unknown value
RSP=0x000000547f6ff020 is pointing into the stack for thread: 0x000001f1de2d0000
RBP=0x000000547f6ff290 is pointing into the stack for thread: 0x000001f1de2d0000
RSI=0x0000000000000006 is an unknown value
RDI=0x0 is NULL
R8 =0x0000000000000003 is an unknown value
R9 =0x0000000000000003 is an unknown value
R10=0x0 is NULL
R11=0x0000000000000002 is an unknown value
R12=0x0000000000000049 is an unknown value
R13=0x0000000000000002 is an unknown value
R14={method} {0x000001f1ddbe25f0} 'doDfs' '(Limplementations/Tree;IILjava/util/List;)I' in 'implementations/Tree'
R15=0x000001f1ddbe259c is pointing into metadata


Registers:
RAX=0x000001f1ddbe2500, RBX=0x0000000000000011, RCX=0x000001f1ddbe0040, RDX=0x000000000000cac6
RSP=0x000000547f6ff020, RBP=0x000000547f6ff290, RSI=0x0000000000000006, RDI=0x0000000000000000
R8 =0x0000000000000003, R9 =0x0000000000000003, R10=0x0000000000000000, R11=0x0000000000000002
R12=0x0000000000000049, R13=0x0000000000000002, R14=0x000001f1ddbe25e8, R15=0x000001f1ddbe259c
RIP=0x00007ffd9e415a96, EFLAGS=0x0000000000010293

Top of Stack: (sp=0x000000547f6ff020)
0x000000547f6ff020:   000001f1ded70090 0000000000000000
0x000000547f6ff030:   0000000000000000 000083c71663012d
0x000000547f6ff040:   0000000000000000 0000000000000002
0x000000547f6ff050:   0000000000000049 0000000000000000
0x000000547f6ff060:   000001f1dd738808 00007ffd9e416476
0x000000547f6ff070:   0000000000000000 000000547f6ff290
0x000000547f6ff080:   0000000000000000 0000000000000002
0x000000547f6ff090:   000000547f6ff290 00007ffd9e6976dd
0x000000547f6ff0a0:   000001f1de307cb0 000001f1de2d0000
0x000000547f6ff0b0:   000001f1dd738808 000001f1de2d0000
0x000000547f6ff0c0:   0000000000000000 00000000000006b5
0x000000547f6ff0d0:   0000000000000000 0000000000000001
0x000000547f6ff0e0:   000001f100000000 000001f1bd050000
0x000000547f6ff0f0:   000000547f6ff2e0 000001f1bd2c0620
0x000000547f6ff100:   000001f1de2f6810 000001f1de2d0000
0x000000547f6ff110:   0000000000000000 000001f1bd052700 

Instructions: (pc=0x00007ffd9e415a96)
0x00007ffd9e415996:   48 8d 05 13 0d 3b 00 48 8b d9 48 89 01 f6 c2 01
0x00007ffd9e4159a6:   74 1d f6 c2 04 75 0e e8 9e 32 bc ff 48 8b c3 48
0x00007ffd9e4159b6:   83 c4 20 5b c3 ba 20 00 00 00 e8 fb 40 b1 ff 48
0x00007ffd9e4159c6:   8b c3 48 83 c4 20 5b c3 cc cc 48 89 5c 24 08 48
0x00007ffd9e4159d6:   89 6c 24 18 48 89 74 24 20 57 41 56 41 57 48 83
0x00007ffd9e4159e6:   ec 60 48 8b 02 48 8b e9 48 8b ca 48 8b da ff 50
0x00007ffd9e4159f6:   38 4c 8b f0 48 8b 48 08 e8 1d d0 d4 ff 48 63 f0
0x00007ffd9e415a06:   85 c0 74 54 48 8b 13 48 8b cb ff 52 40 49 8b 4e
0x00007ffd9e415a16:   08 8b d8 e8 52 d1 d4 ff 33 ff 4c 8b f8 44 8b cf
0x00007ffd9e415a26:   85 f6 7e 34 44 8b 5d 3c 48 8d 50 02 44 8b c7 0f
0x00007ffd9e415a36:   b7 4a 08 44 3b d9 75 11 0f b7 4a fe 3b cb 7f 09
0x00007ffd9e415a46:   0f b7 02 03 c1 3b d8 7e 32 41 ff c1 49 ff c0 48
0x00007ffd9e415a56:   83 c2 0c 4c 3b c6 7c d7 c7 45 5c 23 00 00 00 32
0x00007ffd9e415a66:   c0 4c 8d 5c 24 60 49 8b 5b 20 49 8b 6b 30 49 8b
0x00007ffd9e415a76:   73 38 49 8b e3 41 5f 41 5e 5f c3 49 63 c1 48 8d
0x00007ffd9e415a86:   0c 40 49 8b 46 08 41 0f b7 54 8f 06 48 8b 48 08
0x00007ffd9e415a96:   48 8b 4c d1 40 e8 60 97 1f 00 48 8b f0 0f be 00
0x00007ffd9e415aa6:   83 c0 be 83 f8 19 77 47 48 8d 15 4b a5 b0 ff 48
0x00007ffd9e415ab6:   98 0f b6 84 02 cc 5c 4f 00 8b 8c 82 b0 5c 4f 00
0x00007ffd9e415ac6:   48 03 ca ff e1 b8 07 00 00 00 eb 28 b8 06 00 00
0x00007ffd9e415ad6:   00 eb 21 b8 0a 00 00 00 eb 1a b8 0b 00 00 00 eb
0x00007ffd9e415ae6:   13 b8 0e 00 00 00 eb 0c b8 0c 00 00 00 eb 05 b8
0x00007ffd9e415af6:   63 00 00 00 39 45 40 74 0d b8 22 00 00 00 89 45
0x00007ffd9e415b06:   5c e9 59 ff ff ff 40 38 7d 58 0f 84 7a 01 00 00
0x00007ffd9e415b16:   83 f8 0c 0f 85 71 01 00 00 4c 8b 75 48 4d 85 f6
0x00007ffd9e415b26:   0f 84 64 01 00 00 8b 15 62 fc 5c 00 48 8d 4c 24
0x00007ffd9e415b36:   20 65 48 8b 04 25 58 00 00 00 bb 08 00 00 00 48
0x00007ffd9e415b46:   8b 04 d0 48 8b 1c 03 48 8b d3 e8 2b e6 e4 ff 49
0x00007ffd9e415b56:   8b ce e8 13 70 ef ff 4c 8b c0 48 8d 8c 24 88 00
0x00007ffd9e415b66:   00 00 48 8b d3 e8 f0 49 bc ff 48 8b 84 24 88 00
0x00007ffd9e415b76:   00 00 48 85 c0 0f 84 16 01 00 00 48 8b 18 48 85
0x00007ffd9e415b86:   db 0f 84 0a 01 00 00 40 38 3d 2d 47 58 00 74 15 


Stack slot to memory mapping:
stack at sp + 0 slots: 0x000001f1ded70090 points into unknown readable memory: e8 10 80 9e fd 7f 00 00
stack at sp + 1 slots: 0x0 is NULL
stack at sp + 2 slots: 0x0 is NULL
stack at sp + 3 slots: 0x000083c71663012d is an unknown value
stack at sp + 4 slots: 0x0 is NULL
stack at sp + 5 slots: 0x0000000000000002 is an unknown value
stack at sp + 6 slots: 0x0000000000000049 is an unknown value
stack at sp + 7 slots: 0x0 is NULL


---------------  P R O C E S S  ---------------

Threads class SMR info:
_java_thread_list=0x000001f1de318b20, length=13, elements={
0x000001f1bd2c4800, 0x000001f1dd6f8000, 0x000001f1dd6fb000, 0x000001f1dd719000,
0x000001f1dd71b000, 0x000001f1dd71c000, 0x000001f1de072800, 0x000001f1de080000,
0x000001f1dd6d9000, 0x000001f1de2d0000, 0x000001f1de2f1000, 0x000001f1de2d4000,
0x000001f1de8c0800
}

Java Threads: ( => current thread )
  0x000001f1bd2c4800 JavaThread "main" [_thread_blocked, id=3312, stack(0x000000547e700000,0x000000547e800000)]
  0x000001f1dd6f8000 JavaThread "Reference Handler" daemon [_thread_blocked, id=11812, stack(0x000000547ee00000,0x000000547ef00000)]
  0x000001f1dd6fb000 JavaThread "Finalizer" daemon [_thread_blocked, id=19616, stack(0x000000547ef00000,0x000000547f000000)]
  0x000001f1dd719000 JavaThread "Signal Dispatcher" daemon [_thread_blocked, id=21372, stack(0x000000547f000000,0x000000547f100000)]
  0x000001f1dd71b000 JavaThread "Attach Listener" daemon [_thread_blocked, id=20364, stack(0x000000547f100000,0x000000547f200000)]
  0x000001f1dd71c000 JavaThread "C2 CompilerThread0" daemon [_thread_blocked, id=19652, stack(0x000000547f200000,0x000000547f300000)]
  0x000001f1de072800 JavaThread "C1 CompilerThread0" daemon [_thread_blocked, id=9744, stack(0x000000547f300000,0x000000547f400000)]
  0x000001f1de080000 JavaThread "Sweeper thread" daemon [_thread_blocked, id=17000, stack(0x000000547f400000,0x000000547f500000)]
  0x000001f1dd6d9000 JavaThread "Common-Cleaner" daemon [_thread_blocked, id=14104, stack(0x000000547f500000,0x000000547f600000)]
=>0x000001f1de2d0000 JavaThread "JDWP Transport Listener: dt_socket" daemon [_thread_in_vm, id=16780, stack(0x000000547f600000,0x000000547f700000)]
  0x000001f1de2f1000 JavaThread "JDWP Event Helper Thread" daemon [_thread_blocked, id=8664, stack(0x000000547f700000,0x000000547f800000)]
  0x000001f1de2d4000 JavaThread "JDWP Command Reader" daemon [_thread_in_native, id=3224, stack(0x000000547f800000,0x000000547f900000)]
  0x000001f1de8c0800 JavaThread "Service Thread" daemon [_thread_blocked, id=17060, stack(0x000000547f900000,0x000000547fa00000)]

Other Threads:
  0x000001f1dd6f4800 VMThread "VM Thread" [stack: 0x000000547ed00000,0x000000547ee00000] [id=15972]
  0x000001f1de8c3800 WatcherThread [stack: 0x000000547fa00000,0x000000547fb00000] [id=9104]
  0x000001f1bd309000 GCTaskThread "GC Thread#0" [stack: 0x000000547e800000,0x000000547e900000] [id=17632]
  0x000001f1bd31b800 ConcurrentGCThread "G1 Main Marker" [stack: 0x000000547e900000,0x000000547ea00000] [id=2664]
  0x000001f1bd31d800 ConcurrentGCThread "G1 Conc#0" [stack: 0x000000547ea00000,0x000000547eb00000] [id=18336]
  0x000001f1dd56d800 ConcurrentGCThread "G1 Refine#0" [stack: 0x000000547eb00000,0x000000547ec00000] [id=8188]
  0x000001f1dd56f800 ConcurrentGCThread "G1 Young RemSet Sampling" [stack: 0x000000547ec00000,0x000000547ed00000] [id=196]

Threads with active compile tasks:

VM state:not at safepoint (normal execution)

VM Mutex/Monitor currently owned by a thread: None

Heap address: 0x0000000082000000, size: 2016 MB, Compressed Oops mode: 32-bit
Narrow klass base: 0x0000000800000000, Narrow klass shift: 3
Compressed class space size: 1073741824 Address: 0x0000000800b40000

Heap:
 garbage-first heap   total 129024K, used 10240K [0x0000000082000000, 0x0000000100000000)
  region size 1024K, 11 young (11264K), 0 survivors (0K)
 Metaspace       used 2233K, capacity 5377K, committed 5504K, reserved 1056768K
  class space    used 242K, capacity 538K, committed 640K, reserved 1048576K
Heap Regions: E=young(eden), S=young(survivor), O=old, HS=humongous(starts), HC=humongous(continues), CS=collection set, F=free, A=archive, TAMS=top-at-mark-start (previous, next)
|   0|0x0000000082000000, 0x0000000082100000, 0x0000000082100000|100%|HS|  |TAMS 0x0000000082000000, 0x0000000082000000| Complete 
|   1|0x0000000082100000, 0x0000000082100000, 0x0000000082200000|  0%| F|  |TAMS 0x0000000082100000, 0x0000000082100000| Untracked 
|   2|0x0000000082200000, 0x0000000082200000, 0x0000000082300000|  0%| F|  |TAMS 0x0000000082200000, 0x0000000082200000| Untracked 
|   3|0x0000000082300000, 0x0000000082300000, 0x0000000082400000|  0%| F|  |TAMS 0x0000000082300000, 0x0000000082300000| Untracked 
|   4|0x0000000082400000, 0x0000000082400000, 0x0000000082500000|  0%| F|  |TAMS 0x0000000082400000, 0x0000000082400000| Untracked 
|   5|0x0000000082500000, 0x0000000082500000, 0x0000000082600000|  0%| F|  |TAMS 0x0000000082500000, 0x0000000082500000| Untracked 
|   6|0x0000000082600000, 0x0000000082600000, 0x0000000082700000|  0%| F|  |TAMS 0x0000000082600000, 0x0000000082600000| Untracked 
|   7|0x0000000082700000, 0x0000000082700000, 0x0000000082800000|  0%| F|  |TAMS 0x0000000082700000, 0x0000000082700000| Untracked 
|   8|0x0000000082800000, 0x0000000082800000, 0x0000000082900000|  0%| F|  |TAMS 0x0000000082800000, 0x0000000082800000| Untracked 
|   9|0x0000000082900000, 0x0000000082900000, 0x0000000082a00000|  0%| F|  |TAMS 0x0000000082900000, 0x0000000082900000| Untracked 
|  10|0x0000000082a00000, 0x0000000082a00000, 0x0000000082b00000|  0%| F|  |TAMS 0x0000000082a00000, 0x0000000082a00000| Untracked 
|  11|0x0000000082b00000, 0x0000000082b00000, 0x0000000082c00000|  0%| F|  |TAMS 0x0000000082b00000, 0x0000000082b00000| Untracked 
|  12|0x0000000082c00000, 0x0000000082c00000, 0x0000000082d00000|  0%| F|  |TAMS 0x0000000082c00000, 0x0000000082c00000| Untracked 
|  13|0x0000000082d00000, 0x0000000082d00000, 0x0000000082e00000|  0%| F|  |TAMS 0x0000000082d00000, 0x0000000082d00000| Untracked 
|  14|0x0000000082e00000, 0x0000000082e00000, 0x0000000082f00000|  0%| F|  |TAMS 0x0000000082e00000, 0x0000000082e00000| Untracked 
|  15|0x0000000082f00000, 0x0000000082f00000, 0x0000000083000000|  0%| F|  |TAMS 0x0000000082f00000, 0x0000000082f00000| Untracked 
|  16|0x0000000083000000, 0x0000000083000000, 0x0000000083100000|  0%| F|  |TAMS 0x0000000083000000, 0x0000000083000000| Untracked 
|  17|0x0000000083100000, 0x0000000083100000, 0x0000000083200000|  0%| F|  |TAMS 0x0000000083100000, 0x0000000083100000| Untracked 
|  18|0x0000000083200000, 0x0000000083200000, 0x0000000083300000|  0%| F|  |TAMS 0x0000000083200000, 0x0000000083200000| Untracked 
|  19|0x0000000083300000, 0x0000000083300000, 0x0000000083400000|  0%| F|  |TAMS 0x0000000083300000, 0x0000000083300000| Untracked 
|  20|0x0000000083400000, 0x0000000083400000, 0x0000000083500000|  0%| F|  |TAMS 0x0000000083400000, 0x0000000083400000| Untracked 
|  21|0x0000000083500000, 0x0000000083500000, 0x0000000083600000|  0%| F|  |TAMS 0x0000000083500000, 0x0000000083500000| Untracked 
|  22|0x0000000083600000, 0x0000000083600000, 0x0000000083700000|  0%| F|  |TAMS 0x0000000083600000, 0x0000000083600000| Untracked 
|  23|0x0000000083700000, 0x0000000083700000, 0x0000000083800000|  0%| F|  |TAMS 0x0000000083700000, 0x0000000083700000| Untracked 
|  24|0x0000000083800000, 0x0000000083800000, 0x0000000083900000|  0%| F|  |TAMS 0x0000000083800000, 0x0000000083800000| Untracked 
|  25|0x0000000083900000, 0x0000000083900000, 0x0000000083a00000|  0%| F|  |TAMS 0x0000000083900000, 0x0000000083900000| Untracked 
|  26|0x0000000083a00000, 0x0000000083a00000, 0x0000000083b00000|  0%| F|  |TAMS 0x0000000083a00000, 0x0000000083a00000| Untracked 
|  27|0x0000000083b00000, 0x0000000083b00000, 0x0000000083c00000|  0%| F|  |TAMS 0x0000000083b00000, 0x0000000083b00000| Untracked 
|  28|0x0000000083c00000, 0x0000000083c00000, 0x0000000083d00000|  0%| F|  |TAMS 0x0000000083c00000, 0x0000000083c00000| Untracked 
|  29|0x0000000083d00000, 0x0000000083d00000, 0x0000000083e00000|  0%| F|  |TAMS 0x0000000083d00000, 0x0000000083d00000| Untracked 
|  30|0x0000000083e00000, 0x0000000083e00000, 0x0000000083f00000|  0%| F|  |TAMS 0x0000000083e00000, 0x0000000083e00000| Untracked 
|  31|0x0000000083f00000, 0x0000000083f00000, 0x0000000084000000|  0%| F|  |TAMS 0x0000000083f00000, 0x0000000083f00000| Untracked 
|  32|0x0000000084000000, 0x0000000084000000, 0x0000000084100000|  0%| F|  |TAMS 0x0000000084000000, 0x0000000084000000| Untracked 
|  33|0x0000000084100000, 0x0000000084100000, 0x0000000084200000|  0%| F|  |TAMS 0x0000000084100000, 0x0000000084100000| Untracked 
|  34|0x0000000084200000, 0x0000000084200000, 0x0000000084300000|  0%| F|  |TAMS 0x0000000084200000, 0x0000000084200000| Untracked 
|  35|0x0000000084300000, 0x0000000084300000, 0x0000000084400000|  0%| F|  |TAMS 0x0000000084300000, 0x0000000084300000| Untracked 
|  36|0x0000000084400000, 0x0000000084400000, 0x0000000084500000|  0%| F|  |TAMS 0x0000000084400000, 0x0000000084400000| Untracked 
|  37|0x0000000084500000, 0x0000000084500000, 0x0000000084600000|  0%| F|  |TAMS 0x0000000084500000, 0x0000000084500000| Untracked 
|  38|0x0000000084600000, 0x0000000084600000, 0x0000000084700000|  0%| F|  |TAMS 0x0000000084600000, 0x0000000084600000| Untracked 
|  39|0x0000000084700000, 0x0000000084700000, 0x0000000084800000|  0%| F|  |TAMS 0x0000000084700000, 0x0000000084700000| Untracked 
|  40|0x0000000084800000, 0x0000000084800000, 0x0000000084900000|  0%| F|  |TAMS 0x0000000084800000, 0x0000000084800000| Untracked 
|  41|0x0000000084900000, 0x0000000084900000, 0x0000000084a00000|  0%| F|  |TAMS 0x0000000084900000, 0x0000000084900000| Untracked 
|  42|0x0000000084a00000, 0x0000000084a00000, 0x0000000084b00000|  0%| F|  |TAMS 0x0000000084a00000, 0x0000000084a00000| Untracked 
|  43|0x0000000084b00000, 0x0000000084b00000, 0x0000000084c00000|  0%| F|  |TAMS 0x0000000084b00000, 0x0000000084b00000| Untracked 
|  44|0x0000000084c00000, 0x0000000084c00000, 0x0000000084d00000|  0%| F|  |TAMS 0x0000000084c00000, 0x0000000084c00000| Untracked 
|  45|0x0000000084d00000, 0x0000000084d00000, 0x0000000084e00000|  0%| F|  |TAMS 0x0000000084d00000, 0x0000000084d00000| Untracked 
|  46|0x0000000084e00000, 0x0000000084e00000, 0x0000000084f00000|  0%| F|  |TAMS 0x0000000084e00000, 0x0000000084e00000| Untracked 
|  47|0x0000000084f00000, 0x0000000084f00000, 0x0000000085000000|  0%| F|  |TAMS 0x0000000084f00000, 0x0000000084f00000| Untracked 
|  48|0x0000000085000000, 0x0000000085000000, 0x0000000085100000|  0%| F|  |TAMS 0x0000000085000000, 0x0000000085000000| Untracked 
|  49|0x0000000085100000, 0x0000000085100000, 0x0000000085200000|  0%| F|  |TAMS 0x0000000085100000, 0x0000000085100000| Untracked 
|  50|0x0000000085200000, 0x0000000085200000, 0x0000000085300000|  0%| F|  |TAMS 0x0000000085200000, 0x0000000085200000| Untracked 
|  51|0x0000000085300000, 0x0000000085300000, 0x0000000085400000|  0%| F|  |TAMS 0x0000000085300000, 0x0000000085300000| Untracked 
|  52|0x0000000085400000, 0x0000000085400000, 0x0000000085500000|  0%| F|  |TAMS 0x0000000085400000, 0x0000000085400000| Untracked 
|  53|0x0000000085500000, 0x0000000085500000, 0x0000000085600000|  0%| F|  |TAMS 0x0000000085500000, 0x0000000085500000| Untracked 
|  54|0x0000000085600000, 0x0000000085600000, 0x0000000085700000|  0%| F|  |TAMS 0x0000000085600000, 0x0000000085600000| Untracked 
|  55|0x0000000085700000, 0x0000000085700000, 0x0000000085800000|  0%| F|  |TAMS 0x0000000085700000, 0x0000000085700000| Untracked 
|  56|0x0000000085800000, 0x0000000085800000, 0x0000000085900000|  0%| F|  |TAMS 0x0000000085800000, 0x0000000085800000| Untracked 
|  57|0x0000000085900000, 0x0000000085900000, 0x0000000085a00000|  0%| F|  |TAMS 0x0000000085900000, 0x0000000085900000| Untracked 
|  58|0x0000000085a00000, 0x0000000085a00000, 0x0000000085b00000|  0%| F|  |TAMS 0x0000000085a00000, 0x0000000085a00000| Untracked 
|  59|0x0000000085b00000, 0x0000000085b00000, 0x0000000085c00000|  0%| F|  |TAMS 0x0000000085b00000, 0x0000000085b00000| Untracked 
|  60|0x0000000085c00000, 0x0000000085c00000, 0x0000000085d00000|  0%| F|  |TAMS 0x0000000085c00000, 0x0000000085c00000| Untracked 
|  61|0x0000000085d00000, 0x0000000085d00000, 0x0000000085e00000|  0%| F|  |TAMS 0x0000000085d00000, 0x0000000085d00000| Untracked 
|  62|0x0000000085e00000, 0x0000000085e00000, 0x0000000085f00000|  0%| F|  |TAMS 0x0000000085e00000, 0x0000000085e00000| Untracked 
|  63|0x0000000085f00000, 0x0000000085f00000, 0x0000000086000000|  0%| F|  |TAMS 0x0000000085f00000, 0x0000000085f00000| Untracked 
|  64|0x0000000086000000, 0x0000000086000000, 0x0000000086100000|  0%| F|  |TAMS 0x0000000086000000, 0x0000000086000000| Untracked 
|  65|0x0000000086100000, 0x0000000086100000, 0x0000000086200000|  0%| F|  |TAMS 0x0000000086100000, 0x0000000086100000| Untracked 
|  66|0x0000000086200000, 0x0000000086200000, 0x0000000086300000|  0%| F|  |TAMS 0x0000000086200000, 0x0000000086200000| Untracked 
|  67|0x0000000086300000, 0x0000000086300000, 0x0000000086400000|  0%| F|  |TAMS 0x0000000086300000, 0x0000000086300000| Untracked 
|  68|0x0000000086400000, 0x0000000086400000, 0x0000000086500000|  0%| F|  |TAMS 0x0000000086400000, 0x0000000086400000| Untracked 
|  69|0x0000000086500000, 0x0000000086500000, 0x0000000086600000|  0%| F|  |TAMS 0x0000000086500000, 0x0000000086500000| Untracked 
|  70|0x0000000086600000, 0x0000000086600000, 0x0000000086700000|  0%| F|  |TAMS 0x0000000086600000, 0x0000000086600000| Untracked 
|  71|0x0000000086700000, 0x0000000086700000, 0x0000000086800000|  0%| F|  |TAMS 0x0000000086700000, 0x0000000086700000| Untracked 
|  72|0x0000000086800000, 0x0000000086800000, 0x0000000086900000|  0%| F|  |TAMS 0x0000000086800000, 0x0000000086800000| Untracked 
|  73|0x0000000086900000, 0x0000000086900000, 0x0000000086a00000|  0%| F|  |TAMS 0x0000000086900000, 0x0000000086900000| Untracked 
|  74|0x0000000086a00000, 0x0000000086a00000, 0x0000000086b00000|  0%| F|  |TAMS 0x0000000086a00000, 0x0000000086a00000| Untracked 
|  75|0x0000000086b00000, 0x0000000086b00000, 0x0000000086c00000|  0%| F|  |TAMS 0x0000000086b00000, 0x0000000086b00000| Untracked 
|  76|0x0000000086c00000, 0x0000000086c00000, 0x0000000086d00000|  0%| F|  |TAMS 0x0000000086c00000, 0x0000000086c00000| Untracked 
|  77|0x0000000086d00000, 0x0000000086d00000, 0x0000000086e00000|  0%| F|  |TAMS 0x0000000086d00000, 0x0000000086d00000| Untracked 
|  78|0x0000000086e00000, 0x0000000086e00000, 0x0000000086f00000|  0%| F|  |TAMS 0x0000000086e00000, 0x0000000086e00000| Untracked 
|  79|0x0000000086f00000, 0x0000000086f00000, 0x0000000087000000|  0%| F|  |TAMS 0x0000000086f00000, 0x0000000086f00000| Untracked 
|  80|0x0000000087000000, 0x0000000087000000, 0x0000000087100000|  0%| F|  |TAMS 0x0000000087000000, 0x0000000087000000| Untracked 
|  81|0x0000000087100000, 0x0000000087100000, 0x0000000087200000|  0%| F|  |TAMS 0x0000000087100000, 0x0000000087100000| Untracked 
|  82|0x0000000087200000, 0x0000000087200000, 0x0000000087300000|  0%| F|  |TAMS 0x0000000087200000, 0x0000000087200000| Untracked 
|  83|0x0000000087300000, 0x0000000087300000, 0x0000000087400000|  0%| F|  |TAMS 0x0000000087300000, 0x0000000087300000| Untracked 
|  84|0x0000000087400000, 0x0000000087400000, 0x0000000087500000|  0%| F|  |TAMS 0x0000000087400000, 0x0000000087400000| Untracked 
|  85|0x0000000087500000, 0x0000000087500000, 0x0000000087600000|  0%| F|  |TAMS 0x0000000087500000, 0x0000000087500000| Untracked 
|  86|0x0000000087600000, 0x0000000087600000, 0x0000000087700000|  0%| F|  |TAMS 0x0000000087600000, 0x0000000087600000| Untracked 
|  87|0x0000000087700000, 0x0000000087700000, 0x0000000087800000|  0%| F|  |TAMS 0x0000000087700000, 0x0000000087700000| Untracked 
|  88|0x0000000087800000, 0x0000000087800000, 0x0000000087900000|  0%| F|  |TAMS 0x0000000087800000, 0x0000000087800000| Untracked 
|  89|0x0000000087900000, 0x0000000087900000, 0x0000000087a00000|  0%| F|  |TAMS 0x0000000087900000, 0x0000000087900000| Untracked 
|  90|0x0000000087a00000, 0x0000000087a00000, 0x0000000087b00000|  0%| F|  |TAMS 0x0000000087a00000, 0x0000000087a00000| Untracked 
|  91|0x0000000087b00000, 0x0000000087b00000, 0x0000000087c00000|  0%| F|  |TAMS 0x0000000087b00000, 0x0000000087b00000| Untracked 
|  92|0x0000000087c00000, 0x0000000087c00000, 0x0000000087d00000|  0%| F|  |TAMS 0x0000000087c00000, 0x0000000087c00000| Untracked 
|  93|0x0000000087d00000, 0x0000000087d00000, 0x0000000087e00000|  0%| F|  |TAMS 0x0000000087d00000, 0x0000000087d00000| Untracked 
|  94|0x0000000087e00000, 0x0000000087e00000, 0x0000000087f00000|  0%| F|  |TAMS 0x0000000087e00000, 0x0000000087e00000| Untracked 
|  95|0x0000000087f00000, 0x0000000087f00000, 0x0000000088000000|  0%| F|  |TAMS 0x0000000087f00000, 0x0000000087f00000| Untracked 
|  96|0x0000000088000000, 0x0000000088000000, 0x0000000088100000|  0%| F|  |TAMS 0x0000000088000000, 0x0000000088000000| Untracked 
|  97|0x0000000088100000, 0x0000000088100000, 0x0000000088200000|  0%| F|  |TAMS 0x0000000088100000, 0x0000000088100000| Untracked 
|  98|0x0000000088200000, 0x0000000088200000, 0x0000000088300000|  0%| F|  |TAMS 0x0000000088200000, 0x0000000088200000| Untracked 
|  99|0x0000000088300000, 0x0000000088300000, 0x0000000088400000|  0%| F|  |TAMS 0x0000000088300000, 0x0000000088300000| Untracked 
| 100|0x0000000088400000, 0x0000000088400000, 0x0000000088500000|  0%| F|  |TAMS 0x0000000088400000, 0x0000000088400000| Untracked 
| 101|0x0000000088500000, 0x0000000088500000, 0x0000000088600000|  0%| F|  |TAMS 0x0000000088500000, 0x0000000088500000| Untracked 
| 102|0x0000000088600000, 0x0000000088600000, 0x0000000088700000|  0%| F|  |TAMS 0x0000000088600000, 0x0000000088600000| Untracked 
| 103|0x0000000088700000, 0x0000000088700000, 0x0000000088800000|  0%| F|  |TAMS 0x0000000088700000, 0x0000000088700000| Untracked 
| 104|0x0000000088800000, 0x0000000088800000, 0x0000000088900000|  0%| F|  |TAMS 0x0000000088800000, 0x0000000088800000| Untracked 
| 105|0x0000000088900000, 0x0000000088900000, 0x0000000088a00000|  0%| F|  |TAMS 0x0000000088900000, 0x0000000088900000| Untracked 
| 106|0x0000000088a00000, 0x0000000088a00000, 0x0000000088b00000|  0%| F|  |TAMS 0x0000000088a00000, 0x0000000088a00000| Untracked 
| 107|0x0000000088b00000, 0x0000000088b00000, 0x0000000088c00000|  0%| F|  |TAMS 0x0000000088b00000, 0x0000000088b00000| Untracked 
| 108|0x0000000088c00000, 0x0000000088c00000, 0x0000000088d00000|  0%| F|  |TAMS 0x0000000088c00000, 0x0000000088c00000| Untracked 
| 109|0x0000000088d00000, 0x0000000088d00000, 0x0000000088e00000|  0%| F|  |TAMS 0x0000000088d00000, 0x0000000088d00000| Untracked 
| 110|0x0000000088e00000, 0x0000000088e00000, 0x0000000088f00000|  0%| F|  |TAMS 0x0000000088e00000, 0x0000000088e00000| Untracked 
| 111|0x0000000088f00000, 0x0000000088f00000, 0x0000000089000000|  0%| F|  |TAMS 0x0000000088f00000, 0x0000000088f00000| Untracked 
| 112|0x0000000089000000, 0x0000000089000000, 0x0000000089100000|  0%| F|  |TAMS 0x0000000089000000, 0x0000000089000000| Untracked 
| 113|0x0000000089100000, 0x0000000089100000, 0x0000000089200000|  0%| F|  |TAMS 0x0000000089100000, 0x0000000089100000| Untracked 
| 114|0x0000000089200000, 0x0000000089200000, 0x0000000089300000|  0%| F|  |TAMS 0x0000000089200000, 0x0000000089200000| Untracked 
| 115|0x0000000089300000, 0x0000000089348320, 0x0000000089400000| 28%| E|  |TAMS 0x0000000089300000, 0x0000000089300000| Complete 
| 116|0x0000000089400000, 0x0000000089500000, 0x0000000089500000|100%| E|CS|TAMS 0x0000000089400000, 0x0000000089400000| Complete 
| 117|0x0000000089500000, 0x0000000089600000, 0x0000000089600000|100%| E|CS|TAMS 0x0000000089500000, 0x0000000089500000| Complete 
| 118|0x0000000089600000, 0x0000000089700000, 0x0000000089700000|100%| E|CS|TAMS 0x0000000089600000, 0x0000000089600000| Complete 
| 119|0x0000000089700000, 0x0000000089800000, 0x0000000089800000|100%| E|CS|TAMS 0x0000000089700000, 0x0000000089700000| Complete 
| 120|0x0000000089800000, 0x0000000089900000, 0x0000000089900000|100%| E|CS|TAMS 0x0000000089800000, 0x0000000089800000| Complete 
| 121|0x0000000089900000, 0x0000000089a00000, 0x0000000089a00000|100%| E|  |TAMS 0x0000000089900000, 0x0000000089900000| Complete 
| 122|0x0000000089a00000, 0x0000000089b00000, 0x0000000089b00000|100%| E|CS|TAMS 0x0000000089a00000, 0x0000000089a00000| Complete 
| 123|0x0000000089b00000, 0x0000000089c00000, 0x0000000089c00000|100%| E|CS|TAMS 0x0000000089b00000, 0x0000000089b00000| Complete 
| 124|0x0000000089c00000, 0x0000000089d00000, 0x0000000089d00000|100%| E|CS|TAMS 0x0000000089c00000, 0x0000000089c00000| Complete 
| 125|0x0000000089d00000, 0x0000000089e00000, 0x0000000089e00000|100%| E|CS|TAMS 0x0000000089d00000, 0x0000000089d00000| Complete 

Card table byte_map: [0x000001f1d69d0000,0x000001f1d6dc0000] _byte_map_base: 0x000001f1d65c0000

Marking Bits (Prev, Next): (CMBitMap*) 0x000001f1bd309f78, (CMBitMap*) 0x000001f1bd309fb8
 Prev Bits: [0x000001f1d71b0000, 0x000001f1d9130000)
 Next Bits: [0x000001f1d9130000, 0x000001f1db0b0000)

Polling page: 0x000001f1bd380000

Metaspace:

Usage:
  Non-class:      4.73 MB capacity,     1.94 MB ( 41%) used,     2.77 MB ( 59%) free+waste,     6.56 KB ( <1%) overhead. 
      Class:    538.00 KB capacity,   242.13 KB ( 45%) used,   292.31 KB ( 54%) free+waste,     3.56 KB ( <1%) overhead. 
       Both:      5.25 MB capacity,     2.18 MB ( 42%) used,     3.06 MB ( 58%) free+waste,    10.13 KB ( <1%) overhead. 

Virtual space:
  Non-class space:        8.00 MB reserved,       4.75 MB ( 59%) committed 
      Class space:        1.00 GB reserved,     640.00 KB ( <1%) committed 
             Both:        1.01 GB reserved,       5.38 MB ( <1%) committed 

Chunk freelists:
   Non-Class:  25.00 KB
       Class:  6.00 KB
        Both:  31.00 KB

MaxMetaspaceSize: 17179869184.00 GB
CompressedClassSpaceSize: 1.00 GB

CodeHeap 'non-profiled nmethods': size=120000Kb used=212Kb max_used=212Kb free=119787Kb
 bounds [0x000001f1cea90000, 0x000001f1ced00000, 0x000001f1d5fc0000]
CodeHeap 'profiled nmethods': size=120000Kb used=1270Kb max_used=1270Kb free=118729Kb
 bounds [0x000001f1c7560000, 0x000001f1c77d0000, 0x000001f1cea90000]
CodeHeap 'non-nmethods': size=5760Kb used=1201Kb max_used=1216Kb free=4558Kb
 bounds [0x000001f1c6fc0000, 0x000001f1c7230000, 0x000001f1c7560000]
 total_blobs=1404 nmethods=627 adapters=270
 compilation: enabled
              stopped_count=0, restarted_count=0
 full_count=0

Compilation events (20 events):
Event: 1.393 Thread 0x000001f1de072800 nmethod 618 0x000001f1c7694210 code [0x000001f1c76943c0, 0x000001f1c7694650]
Event: 1.393 Thread 0x000001f1de072800  619   !   3       com.intellij.rt.debugger.agent.CaptureAgent$CaptureTransformer::transform (194 bytes)
Event: 1.397 Thread 0x000001f1de072800 nmethod 619 0x000001f1c7694710 code [0x000001f1c7694c20, 0x000001f1c76970b0]
Event: 1.397 Thread 0x000001f1de072800  620       3       com.intellij.rt.debugger.agent.CaptureAgent::access$100 (4 bytes)
Event: 1.397 Thread 0x000001f1de072800 nmethod 620 0x000001f1c7698490 code [0x000001f1c7698620, 0x000001f1c7698778]
Event: 1.397 Thread 0x000001f1de072800  616       3       java.util.zip.ZipFile::getZipEntry (309 bytes)
Event: 1.397 Thread 0x000001f1dd71c000 nmethod 622% 0x000001f1ceac4410 code [0x000001f1ceac45a0, 0x000001f1ceac4a38]
Event: 1.398 Thread 0x000001f1dd71c000  623       4       java.lang.AbstractStringBuilder::isLatin1 (19 bytes)
Event: 1.398 Thread 0x000001f1dd71c000 nmethod 623 0x000001f1ceac4c10 code [0x000001f1ceac4da0, 0x000001f1ceac4e38]
Event: 1.400 Thread 0x000001f1de072800 nmethod 616 0x000001f1c7698810 code [0x000001f1c7698b80, 0x000001f1c769aa10]
Event: 1.400 Thread 0x000001f1de072800  621       1       java.util.stream.AbstractPipeline::getStreamAndOpFlags (5 bytes)
Event: 1.400 Thread 0x000001f1de072800 nmethod 621 0x000001f1ceac4f10 code [0x000001f1ceac50a0, 0x000001f1ceac51d8]
Event: 1.405 Thread 0x000001f1de072800  624  s    3       jdk.internal.loader.Resource::cachedInputStream (20 bytes)
Event: 1.405 Thread 0x000001f1de072800 nmethod 624 0x000001f1c769b610 code [0x000001f1c769b7c0, 0x000001f1c769bc50]
Event: 1.522 Thread 0x000001f1de072800  625       3       java.util.ArrayList::<init> (61 bytes)
Event: 1.523 Thread 0x000001f1de072800 nmethod 625 0x000001f1c769bd10 code [0x000001f1c769bfa0, 0x000001f1c769cc00]
Event: 1.523 Thread 0x000001f1de072800  626       3       java.util.regex.Pattern::has (15 bytes)
Event: 1.524 Thread 0x000001f1de072800 nmethod 626 0x000001f1c769d010 code [0x000001f1c769d1c0, 0x000001f1c769d398]
Event: 1.524 Thread 0x000001f1de072800  627       3       java.util.stream.StreamOpFlag::combineOpFlags (9 bytes)
Event: 1.524 Thread 0x000001f1de072800 nmethod 627 0x000001f1c769d410 code [0x000001f1c769d5c0, 0x000001f1c769d7d8]

GC Heap History (0 events):
No events

Deoptimization events (20 events):
Event: 1.082 Thread 0x000001f1bd2c4800 DEOPT PACKING pc=0x000001f1c7603072 sp=0x000000547e7fd160
Event: 1.082 Thread 0x000001f1bd2c4800 DEOPT UNPACKING pc=0x000001f1c700964e sp=0x000000547e7fc5e8 mode 0
Event: 1.222 Thread 0x000001f1bd2c4800 Uncommon trap: trap_request=0xffffff45 fr.pc=0x000001f1cea9190c relative=0x000000000000006c
Event: 1.222 Thread 0x000001f1bd2c4800 Uncommon trap: reason=unstable_if action=reinterpret pc=0x000001f1cea9190c method=java.lang.String.isLatin1()Z @ 10 c2
Event: 1.222 Thread 0x000001f1bd2c4800 DEOPT PACKING pc=0x000001f1cea9190c sp=0x000000547e7feb30
Event: 1.222 Thread 0x000001f1bd2c4800 DEOPT UNPACKING pc=0x000001f1c700912f sp=0x000000547e7fead0 mode 2
Event: 1.222 Thread 0x000001f1bd2c4800 Uncommon trap: trap_request=0xffffff45 fr.pc=0x000001f1ceaa3be4 relative=0x0000000000000044
Event: 1.222 Thread 0x000001f1bd2c4800 Uncommon trap: reason=unstable_if action=reinterpret pc=0x000001f1ceaa3be4 method=java.lang.CharacterData.of(I)Ljava/lang/CharacterData; @ 4 c2
Event: 1.222 Thread 0x000001f1bd2c4800 DEOPT PACKING pc=0x000001f1ceaa3be4 sp=0x000000547e7fe660
Event: 1.222 Thread 0x000001f1bd2c4800 DEOPT UNPACKING pc=0x000001f1c700912f sp=0x000000547e7fe600 mode 2
Event: 1.245 Thread 0x000001f1bd2c4800 Uncommon trap: trap_request=0xffffff45 fr.pc=0x000001f1ceaa0068 relative=0x0000000000000b68
Event: 1.245 Thread 0x000001f1bd2c4800 Uncommon trap: reason=unstable_if action=reinterpret pc=0x000001f1ceaa0068 method=java.util.HashMap.putVal(ILjava/lang/Object;Ljava/lang/Object;ZZ)Ljava/lang/Object; @ 181 c2
Event: 1.245 Thread 0x000001f1bd2c4800 DEOPT PACKING pc=0x000001f1ceaa0068 sp=0x000000547e7fe1d0
Event: 1.245 Thread 0x000001f1bd2c4800 DEOPT UNPACKING pc=0x000001f1c700912f sp=0x000000547e7fe180 mode 2
Event: 1.282 Thread 0x000001f1bd2c4800 DEOPT PACKING pc=0x000001f1c75729f3 sp=0x000000547e7fabd0
Event: 1.282 Thread 0x000001f1bd2c4800 DEOPT UNPACKING pc=0x000001f1c700964e sp=0x000000547e7fa030 mode 0
Event: 1.294 Thread 0x000001f1bd2c4800 DEOPT PACKING pc=0x000001f1c75729f3 sp=0x000000547e7fa8f0
Event: 1.294 Thread 0x000001f1bd2c4800 DEOPT UNPACKING pc=0x000001f1c700964e sp=0x000000547e7f9d50 mode 0
Event: 1.302 Thread 0x000001f1bd2c4800 DEOPT PACKING pc=0x000001f1c75729f3 sp=0x000000547e7fcf60
Event: 1.302 Thread 0x000001f1bd2c4800 DEOPT UNPACKING pc=0x000001f1c700964e sp=0x000000547e7fc3c0 mode 0

Classes unloaded (0 events):
No events

Classes redefined (5 events):
Event: 460.838 Thread 0x000001f1dd6f4800 redefined class name=implementations.Tree, count=1
Event: 535.057 Thread 0x000001f1dd6f4800 redefined class name=implementations.Tree, count=2
Event: 940.965 Thread 0x000001f1dd6f4800 redefined class name=implementations.Tree, count=3
Event: 1009.424 Thread 0x000001f1dd6f4800 redefined class name=implementations.Tree, count=4
Event: 1380.457 Thread 0x000001f1dd6f4800 redefined class name=implementations.Tree, count=5

Internal exceptions (2 events):
Event: 1.117 Thread 0x000001f1bd2c4800 Exception <a 'java/io/FileNotFoundException'{0x00000000897066a8}> (0x00000000897066a8) 
thrown [t:/workspace/open/src/hotspot/share/prims/jni.cpp, line 598]
Event: 1.317 Thread 0x000001f1bd2c4800 Exception <a 'java/lang/IncompatibleClassChangeError'{0x00000000894247d8}: Found class java.lang.Object, but interface was expected> (0x00000000894247d8) 
thrown [t:/workspace/open/src/hotspot/share/interpreter/linkResolver.cpp, line 833]

Events (20 events):
Event: 1380.542 Executing VM operation: ChangeBreakpoints
Event: 1380.542 Executing VM operation: ChangeBreakpoints done
Event: 1380.547 Executing VM operation: ChangeBreakpoints
Event: 1380.547 Executing VM operation: ChangeBreakpoints done
Event: 1380.551 Executing VM operation: ChangeBreakpoints
Event: 1380.552 Executing VM operation: ChangeBreakpoints done
Event: 1380.552 Executing VM operation: ChangeBreakpoints
Event: 1380.553 Executing VM operation: ChangeBreakpoints done
Event: 1380.554 Executing VM operation: ChangeBreakpoints
Event: 1380.554 Executing VM operation: ChangeBreakpoints done
Event: 1380.565 Executing VM operation: GetFrameCount
Event: 1380.565 Executing VM operation: GetFrameCount done
Event: 1380.565 Executing VM operation: GetStackTrace
Event: 1380.565 Executing VM operation: GetStackTrace done
Event: 1380.578 Executing VM operation: GetFrameLocation
Event: 1380.578 Executing VM operation: GetFrameLocation done
Event: 1380.578 Executing VM operation: get/set locals
Event: 1380.578 Executing VM operation: get/set locals done
Event: 1380.580 Executing VM operation: get/set locals
Event: 1380.580 Executing VM operation: get/set locals done


Dynamic libraries:
0x00007ff6679f0000 - 0x00007ff6679ff000 	C:\Program Files\Java\jdk-13.0.2\bin\java.exe
0x00007ffdd44c0000 - 0x00007ffdd46a1000 	C:\Windows\SYSTEM32\ntdll.dll
0x00007ffdd3920000 - 0x00007ffdd39d2000 	C:\Windows\System32\KERNEL32.DLL
0x00007ffdd1110000 - 0x00007ffdd1383000 	C:\Windows\System32\KERNELBASE.dll
0x00007ffdd1010000 - 0x00007ffdd110a000 	C:\Windows\System32\ucrtbase.dll
0x00007ffdca740000 - 0x00007ffdca755000 	C:\Program Files\Java\jdk-13.0.2\bin\VCRUNTIME140.dll
0x00007ffdc97b0000 - 0x00007ffdc97c8000 	C:\Program Files\Java\jdk-13.0.2\bin\jli.dll
0x00007ffdd4250000 - 0x00007ffdd42f1000 	C:\Windows\System32\ADVAPI32.dll
0x00007ffdd4010000 - 0x00007ffdd40ae000 	C:\Windows\System32\msvcrt.dll
0x00007ffdd1a20000 - 0x00007ffdd1a7b000 	C:\Windows\System32\sechost.dll
0x00007ffdd4360000 - 0x00007ffdd4484000 	C:\Windows\System32\RPCRT4.dll
0x00007ffdd1d90000 - 0x00007ffdd1f20000 	C:\Windows\System32\USER32.dll
0x00007ffdd0fa0000 - 0x00007ffdd0fc0000 	C:\Windows\System32\win32u.dll
0x00007ffdd3fe0000 - 0x00007ffdd4008000 	C:\Windows\System32\GDI32.dll
0x00007ffdc16e0000 - 0x00007ffdc1949000 	C:\Windows\WinSxS\amd64_microsoft.windows.common-controls_6595b64144ccf1df_6.0.17134.1_none_e4da93291059d8fb\COMCTL32.dll
0x00007ffdd17b0000 - 0x00007ffdd1942000 	C:\Windows\System32\gdi32full.dll
0x00007ffdd3a80000 - 0x00007ffdd3da3000 	C:\Windows\System32\combase.dll
0x00007ffdd1630000 - 0x00007ffdd16cf000 	C:\Windows\System32\msvcp_win.dll
0x00007ffdd16d0000 - 0x00007ffdd174a000 	C:\Windows\System32\bcryptPrimitives.dll
0x00007ffdc15d0000 - 0x00007ffdc15da000 	C:\Windows\SYSTEM32\VERSION.dll
0x00007ffdd39e0000 - 0x00007ffdd3a0d000 	C:\Windows\System32\IMM32.DLL
0x00007ffdb3ab0000 - 0x00007ffdb3b4b000 	C:\Program Files\Java\jdk-13.0.2\bin\msvcp140.dll
0x00007ffd9df20000 - 0x00007ffd9ea7d000 	C:\Program Files\Java\jdk-13.0.2\bin\server\jvm.dll
0x00007ffdd3db0000 - 0x00007ffdd3db8000 	C:\Windows\System32\PSAPI.DLL
0x00007ffda0f20000 - 0x00007ffda0f29000 	C:\Windows\SYSTEM32\WSOCK32.dll
0x00007ffdd3a10000 - 0x00007ffdd3a7c000 	C:\Windows\System32\WS2_32.dll
0x00007ffdcc9b0000 - 0x00007ffdcc9d3000 	C:\Windows\SYSTEM32\WINMM.dll
0x00007ffdcc980000 - 0x00007ffdcc9aa000 	C:\Windows\SYSTEM32\winmmbase.dll
0x00007ffdd0fc0000 - 0x00007ffdd1009000 	C:\Windows\System32\cfgmgr32.dll
0x00007ffdd0870000 - 0x00007ffdd0881000 	C:\Windows\System32\kernel.appcore.dll
0x00007ffdcb940000 - 0x00007ffdcb950000 	C:\Program Files\Java\jdk-13.0.2\bin\verify.dll
0x00007ffdbfcb0000 - 0x00007ffdbfe79000 	C:\Windows\SYSTEM32\DBGHELP.DLL
0x00007ffdbfc80000 - 0x00007ffdbfca9000 	C:\Windows\SYSTEM32\dbgcore.DLL
0x00007ffdbe770000 - 0x00007ffdbe796000 	C:\Program Files\Java\jdk-13.0.2\bin\java.dll
0x00007ffdba680000 - 0x00007ffdba6b8000 	C:\Program Files\Java\jdk-13.0.2\bin\jdwp.dll
0x00007ffdcb1d0000 - 0x00007ffdcb1de000 	C:\Program Files\Java\jdk-13.0.2\bin\instrument.dll
0x00007ffdc6990000 - 0x00007ffdc69a7000 	C:\Program Files\Java\jdk-13.0.2\bin\zip.dll
0x00007ffdc9770000 - 0x00007ffdc977a000 	C:\Program Files\Java\jdk-13.0.2\bin\jimage.dll
0x00007ffdd1f30000 - 0x00007ffdd3370000 	C:\Windows\System32\SHELL32.dll
0x00007ffdd41a0000 - 0x00007ffdd4249000 	C:\Windows\System32\shcore.dll
0x00007ffdd0890000 - 0x00007ffdd0f9d000 	C:\Windows\System32\windows.storage.dll
0x00007ffdd1950000 - 0x00007ffdd19a1000 	C:\Windows\System32\shlwapi.dll
0x00007ffdd07d0000 - 0x00007ffdd07ef000 	C:\Windows\System32\profapi.dll
0x00007ffdd0820000 - 0x00007ffdd086c000 	C:\Windows\System32\powrprof.dll
0x00007ffdd07f0000 - 0x00007ffdd07fa000 	C:\Windows\System32\FLTLIB.DLL
0x00007ffdcb1b0000 - 0x00007ffdcb1bb000 	C:\Program Files\Java\jdk-13.0.2\bin\dt_socket.dll
0x00007ffdd0050000 - 0x00007ffdd00b6000 	C:\Windows\system32\mswsock.dll
0x00007ffdc6910000 - 0x00007ffdc6929000 	C:\Program Files\Java\jdk-13.0.2\bin\net.dll
0x00007ffdc9850000 - 0x00007ffdc992d000 	C:\Windows\SYSTEM32\WINHTTP.dll
0x00007ffdbe230000 - 0x00007ffdbe243000 	C:\Program Files\Java\jdk-13.0.2\bin\nio.dll

dbghelp: loaded successfully - version: 4.0.5 - missing functions: none
symbol engine: initialized successfully - sym options: 0x614 - pdb path: .;C:\Program Files\Java\jdk-13.0.2\bin;C:\Windows\SYSTEM32;C:\Windows\WinSxS\amd64_microsoft.windows.common-controls_6595b64144ccf1df_6.0.17134.1_none_e4da93291059d8fb;C:\Program Files\Java\jdk-13.0.2\bin\server

VM Arguments:
jvm_args: -agentlib:jdwp=transport=dt_socket,address=127.0.0.1:52965,suspend=y,server=n -ea -Didea.test.cyclic.buffer.size=1048576 -javaagent:C:\Users\User\.IntelliJIdea2019.3\system\captureAgent\debugger-agent.jar -Dfile.encoding=UTF-8 
java_command: com.intellij.rt.junit.JUnitStarter -ideVersion5 -junit4 implementations.TreeTest,testTreesWithGivenSum
java_class_path (initial): C:\Program Files\JetBrains\IntelliJ IDEA 2019.3\lib\idea_rt.jar;C:\Program Files\JetBrains\IntelliJ IDEA 2019.3\plugins\junit\lib\junit5-rt.jar;C:\Program Files\JetBrains\IntelliJ IDEA 2019.3\plugins\junit\lib\junit-rt.jar;C:\Users\User\Desktop\05. Exercises-Trees-Representation-and-Traversal-(BFS-and-DFS)-Skeleton\target\test-classes;C:\Users\User\Desktop\05. Exercises-Trees-Representation-and-Traversal-(BFS-and-DFS)-Skeleton\target\classes;C:\Users\User\.m2\repository\org\openjdk\jmh\jmh-core\1.23\jmh-core-1.23.jar;C:\Users\User\.m2\repository\net\sf\jopt-simple\jopt-simple\4.6\jopt-simple-4.6.jar;C:\Users\User\.m2\repository\org\apache\commons\commons-math3\3.2\commons-math3-3.2.jar;C:\Users\User\.m2\repository\org\openjdk\jmh\jmh-generator-annprocess\1.23\jmh-generator-annprocess-1.23.jar;C:\Users\User\.m2\repository\org\openjdk\jol\jol-core\0.1\jol-core-0.1.jar;C:\Users\User\.m2\repository\junit\junit\4.11\junit-4.11.jar;C:\Users\User\.m2\repository\org\hamcrest\hamcrest-core\1.3\hamcrest-core-1.3.jar;C:\Users\User\.m2\repository\org\apache\maven\plugins\maven-antrun-plugin\1.3\maven-antrun-plugin-1.3.jar;C:\Users\User\.m2\repository\org\apache\maven\maven-plugin-api\2.0.4\maven-plugin-api-2.0.4.jar;C:\Users\User\.m2\repository\org\apache\maven\maven-project\2.0.4\maven-project-2.0.4.jar;C:\Users\User\.m2\repository\org\apache\maven\maven-profile\2.0.4\maven-profile-2.0.4.jar;C:\Users\User\.m2\repository\org\apache\maven\maven-artifact-manager\2.0.4\maven-artifact-manager-2.0.4.jar;C:\Users\User\.m2\repository\org\apache\maven\maven-artifact\2.0.4\maven-artifact-2.0.4.jar;C:\Users\User\.m2\repository\org\codehaus\plexus\plexus-utils\1.5.6\plexus-utils-1.5.6.jar;C:\Users\User\.m2\repository\org\apache\ant\ant-launcher\1.7.1\ant-launcher-1.7.1.jar;C:\Users\User\.m2\repository\org\apache\ant\ant\1.7.1\ant-1.7.1.jar;C:\Users\User\.m2\repository\org\apache\maven\plugins\maven-assembly-plugin\2.2-beta-5\maven-assembly-plugin-2.2-beta-5.ja
Launcher Type: SUN_STANDARD

[Global flags]
     intx CICompilerCount                          = 3                                         {product} {ergonomic}
     uint ConcGCThreads                            = 1                                         {product} {ergonomic}
     uint G1ConcRefinementThreads                  = 4                                         {product} {ergonomic}
   size_t G1HeapRegionSize                         = 1048576                                   {product} {ergonomic}
    uintx GCDrainStackTargetSize                   = 64                                        {product} {ergonomic}
   size_t InitialHeapSize                          = 132120576                                 {product} {ergonomic}
   size_t MarkStackSize                            = 4194304                                   {product} {ergonomic}
   size_t MaxHeapSize                              = 2113929216                                {product} {ergonomic}
   size_t MaxNewSize                               = 1267728384                                {product} {ergonomic}
   size_t MinHeapDeltaBytes                        = 1048576                                   {product} {ergonomic}
   size_t MinHeapSize                              = 8388608                                   {product} {ergonomic}
    uintx NonNMethodCodeHeapSize                   = 5832780                                {pd product} {ergonomic}
    uintx NonProfiledCodeHeapSize                  = 122912730                              {pd product} {ergonomic}
    uintx ProfiledCodeHeapSize                     = 122912730                              {pd product} {ergonomic}
    uintx ReservedCodeCacheSize                    = 251658240                              {pd product} {ergonomic}
     bool SegmentedCodeCache                       = true                                      {product} {ergonomic}
   size_t SoftMaxHeapSize                          = 2113929216                             {manageable} {ergonomic}
     bool UseCompressedClassPointers               = true                                 {lp64_product} {ergonomic}
     bool UseCompressedOops                        = true                                 {lp64_product} {ergonomic}
     bool UseG1GC                                  = true                                      {product} {ergonomic}
     bool UseLargePagesIndividualAllocation        = false                                  {pd product} {ergonomic}

Logging:
Log output configuration:
 #0: stdout all=warning uptime,level,tags
 #1: stderr all=off uptime,level,tags

Environment Variables:
PATH=C:\Program Files (x86)\Common Files\Oracle\Java\javapath;C:\Windows\system32;C:\Windows;C:\Windows\System32\Wbem;C:\Windows\System32\WindowsPowerShell\v1.0\;C:\Windows\System32\OpenSSH\;C:\Program Files\WIDCOMM\Bluetooth Software\;C:\Program Files\WIDCOMM\Bluetooth Software\syswow64;C:\Users\User\AppData\Local\Microsoft\WindowsApps;C:\Users\User\AppData\Local\GitHubDesktop\bin;C:\Users\User\AppData\Local\Programs\Microsoft VS Code\bin;C:\Program Files\JetBrains\IntelliJ IDEA 2019.3\bin;
USERNAME=User
OS=Windows_NT
PROCESSOR_IDENTIFIER=Intel64 Family 6 Model 58 Stepping 9, GenuineIntel



---------------  S Y S T E M  ---------------

OS: Windows 10 , 64 bit Build 17134 (10.0.17134.1)

CPU:total 4 (initial active 4) (2 cores per cpu, 2 threads per core) family 6 model 58 stepping 9, cmov, cx8, fxsr, mmx, sse, sse2, sse3, ssse3, sse4.1, sse4.2, popcnt, avx, aes, clmul, erms, ht, tsc, tscinvbit, tscinv

Memory: 4k page, system-wide physical 8063M (2716M free)
TotalPageFile size 14544M (AvailPageFile size 2159M)
current process WorkingSet (physical memory assigned to process): 49M, peak: 54M
current process commit charge ("private bytes"): 216M, peak: 217M

vm_info: Java HotSpot(TM) 64-Bit Server VM (13.0.2+8) for windows-amd64 JRE (13.0.2+8), built on Dec 11 2019 09:20:33 by "mach5one" with unknown MS VC++:1916

END.
